2026-05-11 14:33:08 - INFO - 程序启动，数据将保存到: /Users/admin/Downloads/BCIXmuse/BCI_Project/Xmuse-Connect/LSL/signal_data/20260511_143308
2026-05-11 14:33:08 - INFO - 日志文件将保存到: /Users/admin/Downloads/BCIXmuse/BCI_Project/Xmuse-Connect/LSL/signal_data/20260511_143308/logs/collection_log_20260511_143308.log
2026-05-11 14:33:08 - INFO - 
--- 开始查找和初始化 LSL 数据流 ---
2026-05-11 14:33:08 - INFO - 尝试查找 EEG 数据流...
2026-05-11 14:33:08 - INFO - 已找到 EEG 数据流。
2026-05-11 14:33:08 - INFO -   使用自定义通道名称: ['ch_1', 'ch_2', 'ch_3', 'ch_4']
2026-05-11 14:33:08 - INFO -   EEG 流信息：通道数=4, 采样率=256.0 Hz
2026-05-11 14:33:09 - INFO - [TimestampCorrector] 初始化完成 correction=-0.0000s  dejitter=True  refresh_interval=60.0s
2026-05-11 14:33:09 - INFO -   EEG 数据将按每 60 秒一个 segment（默认）保存到: signal_data/20260511_143308
2026-05-11 14:33:09 - INFO - 可视化面板已启动: http://localhost:8765
2026-05-11 14:33:09 - INFO - 可视化面板: http://localhost:8765
2026-05-11 14:33:09 - INFO - [HistoryAPI] 路由已注册: /history/sessions  /history/data
2026-05-11 14:33:09 - INFO - 历史数据:   http://localhost:8765/history.html
2026-05-11 14:33:09 - INFO - [TimestampCorrector] 初始化完成 correction=-0.0000s  dejitter=True  refresh_interval=60.0s
2026-05-11 14:33:09 - INFO - RealTimeEEGProcessor 初始化: 输出→/Users/admin/Downloads/BCIXmuse/BCI_Project/Preprocess/signal_data/20260511_143309, 窗口=10.0s (2560 样本)
2026-05-11 14:33:09 - INFO - RealTimeFeatureExtractor 初始化: 输出→/Users/admin/Downloads/BCIXmuse/BCI_Project/FeatureExtract/features_output/20260511_143309
2026-05-11 14:33:09 - INFO - RealTimeAttentionDetector 初始化: smooth_window=5  输出→/Users/admin/Downloads/BCIXmuse/BCI_Project/Attention/attention_output/20260511_143309
2026-05-11 14:33:09 - INFO -   EEG 实时处理器已启动，窗口=10.0s → /Users/admin/Downloads/BCIXmuse/BCI_Project/Preprocess/signal_data
2026-05-11 14:33:09 - INFO -   EEG 实时特征提取器已启动，epoch=1.0s → /Users/admin/Downloads/BCIXmuse/BCI_Project/FeatureExtract/features_output
2026-05-11 14:33:09 - INFO -   EEG 注意力检测器已启动，平滑窗口=5 epoch
2026-05-11 14:33:09 - INFO - 
--- 开始记录数据 ---
2026-05-11 14:33:09 - INFO - 按 Ctrl+C 停止记录
2026-05-11 14:33:22 - INFO - DataSaver 初始化: 88 个特征列
2026-05-11 14:33:22 - INFO - DataSaver 初始化: 4 列
2026-05-11 14:33:50 - INFO - 127.0.0.1 [11/May/2026:14:33:50 +0800] "GET / HTTP/1.1" 200 238 "-" "Mozilla/5.0 (Macintosh; Intel Mac OS X 10_15_7) AppleWebKit/537.36 (KHTML, like Gecko) Chrome/146.0.0.0 Safari/537.36"
2026-05-11 14:33:50 - INFO - 127.0.0.1 [11/May/2026:14:33:15 +0800] "GET /ws HTTP/1.1" 101 0 "-" "Mozilla/5.0 (Macintosh; Intel Mac OS X 10_15_7) AppleWebKit/537.36 (KHTML, like Gecko) Chrome/146.0.0.0 Safari/537.36"
2026-05-11 14:33:50 - INFO - 127.0.0.1 [11/May/2026:14:33:12 +0800] "GET /ws HTTP/1.1" 101 0 "-" "Mozilla/5.0 (Macintosh; Intel Mac OS X 10_15_7) AppleWebKit/537.36 (KHTML, like Gecko) Chrome/146.0.0.0 Safari/537.36"
2026-05-11 14:33:50 - INFO - 127.0.0.1 [11/May/2026:14:33:50 +0800] "GET /bands.html?embedded=1 HTTP/1.1" 304 178 "http://localhost:8765/" "Mozilla/5.0 (Macintosh; Intel Mac OS X 10_15_7) AppleWebKit/537.36 (KHTML, like Gecko) Chrome/146.0.0.0 Safari/537.36"
2026-05-11 14:33:50 - INFO - 127.0.0.1 [11/May/2026:14:33:50 +0800] "GET /favicon.ico HTTP/1.1" 204 99 "http://localhost:8765/" "Mozilla/5.0 (Macintosh; Intel Mac OS X 10_15_7) AppleWebKit/537.36 (KHTML, like Gecko) Chrome/146.0.0.0 Safari/537.36"
2026-05-11 14:34:01 - INFO - 127.0.0.1 [11/May/2026:14:34:01 +0800] "GET /history.html HTTP/1.1" 200 238 "-" "Mozilla/5.0 (Macintosh; Intel Mac OS X 10_15_7) AppleWebKit/537.36 (KHTML, like Gecko) Chrome/146.0.0.0 Safari/537.36"
2026-05-11 14:34:02 - INFO - 127.0.0.1 [11/May/2026:14:34:02 +0800] "GET /history/sessions HTTP/1.1" 200 2777 "http://localhost:8765/history.html" "Mozilla/5.0 (Macintosh; Intel Mac OS X 10_15_7) AppleWebKit/537.36 (KHTML, like Gecko) Chrome/146.0.0.0 Safari/537.36"
2026-05-11 14:34:02 - INFO - 127.0.0.1 [11/May/2026:14:34:02 +0800] "GET /favicon.ico HTTP/1.1" 204 99 "http://localhost:8765/history.html" "Mozilla/5.0 (Macintosh; Intel Mac OS X 10_15_7) AppleWebKit/537.36 (KHTML, like Gecko) Chrome/146.0.0.0 Safari/537.36"
2026-05-11 14:34:09 - INFO - [TimestampCorrector] 刷新 time_correction=-0.0000s
2026-05-11 14:34:09 - INFO - [TimestampCorrector] 刷新 time_correction=-0.0000s
2026-05-11 14:34:23 - INFO - [DataSaver/EEG] segment 0001 → EEG_seg0001.csv  (15360 样本，累计 15360)
2026-05-11 14:34:23 - INFO - [DataSaver/EEG_processed] segment 0001 → EEG_processed_seg0001.csv  (15360 样本，累计 15360)
2026-05-11 14:34:43 - WARNING - [HistoryReader] 未找到 attention_seg*.csv in /Users/admin/Downloads/BCIXmuse/BCI_Project/Attention/attention_output/20260511_143309
2026-05-11 14:34:43 - INFO - 127.0.0.1 [11/May/2026:14:34:43 +0800] "GET /history/data?type=attention&session=20260511_143309&start=1778135665&end=1778481277 HTTP/1.1" 200 191 "http://localhost:8765/history.html" "Mozilla/5.0 (Macintosh; Intel Mac OS X 10_15_7) AppleWebKit/537.36 (KHTML, like Gecko) Chrome/146.0.0.0 Safari/537.36"
2026-05-11 14:34:46 - WARNING - [HistoryReader] 未找到 attention_seg*.csv in /Users/admin/Downloads/BCIXmuse/BCI_Project/Attention/attention_output/20260511_143309
2026-05-11 14:34:46 - INFO - 127.0.0.1 [11/May/2026:14:34:46 +0800] "GET /history/data?type=attention&session=20260511_143309&start=1778135665&end=1778481277 HTTP/1.1" 200 191 "http://localhost:8765/history.html" "Mozilla/5.0 (Macintosh; Intel Mac OS X 10_15_7) AppleWebKit/537.36 (KHTML, like Gecko) Chrome/146.0.0.0 Safari/537.36"
2026-05-11 14:35:09 - INFO - [TimestampCorrector] 刷新 time_correction=-0.0000s
2026-05-11 14:35:09 - INFO - [TimestampCorrector] 刷新 time_correction=-0.0000s
2026-05-11 14:35:18 - WARNING - [HistoryReader] 未找到 attention_seg*.csv in /Users/admin/Downloads/BCIXmuse/BCI_Project/Attention/attention_output/20260511_143309
2026-05-11 14:35:18 - INFO - 127.0.0.1 [11/May/2026:14:35:18 +0800] "GET /history/data?type=attention&session=20260511_143309&start=1778135665&end=1778481277 HTTP/1.1" 200 191 "http://localhost:8765/history.html" "Mozilla/5.0 (Macintosh; Intel Mac OS X 10_15_7) AppleWebKit/537.36 (KHTML, like Gecko) Chrome/146.0.0.0 Safari/537.36"
2026-05-11 14:35:37 - INFO - [DataSaver/EEG] segment 0002 → EEG_seg0002.csv  (15360 样本，累计 30720)
2026-05-11 14:35:37 - INFO - [DataSaver/EEG_processed] segment 0002 → EEG_processed_seg0002.csv  (15360 样本，累计 30720)
2026-05-11 14:36:09 - INFO - [TimestampCorrector] 刷新 time_correction=-0.0001s
2026-05-11 14:36:09 - INFO - [TimestampCorrector] 刷新 time_correction=-0.0001s
2026-05-11 14:36:50 - INFO - [DataSaver/EEG] segment 0003 → EEG_seg0003.csv  (15360 样本，累计 46080)
2026-05-11 14:36:50 - INFO - [DataSaver/EEG_processed] segment 0003 → EEG_processed_seg0003.csv  (15360 样本，累计 46080)
2026-05-11 14:37:09 - INFO - [TimestampCorrector] 刷新 time_correction=-0.0000s
2026-05-11 14:37:09 - INFO - [TimestampCorrector] 刷新 time_correction=-0.0000s
2026-05-11 14:38:03 - INFO - [DataSaver/EEG] segment 0004 → EEG_seg0004.csv  (15360 样本，累计 61440)
2026-05-11 14:38:03 - INFO - [DataSaver/EEG_processed] segment 0004 → EEG_processed_seg0004.csv  (15360 样本，累计 61440)
2026-05-11 14:38:08 - WARNING - [HistoryReader] 未找到 attention_seg*.csv in /Users/admin/Downloads/BCIXmuse/BCI_Project/Attention/attention_output/20260511_143309
2026-05-11 14:38:08 - INFO - 127.0.0.1 [11/May/2026:14:38:08 +0800] "GET /history/data?type=attention&session=20260511_143309&start=1778481265&end=1778484877 HTTP/1.1" 200 191 "http://localhost:8765/history.html" "Mozilla/5.0 (Macintosh; Intel Mac OS X 10_15_7) AppleWebKit/537.36 (KHTML, like Gecko) Chrome/146.0.0.0 Safari/537.36"
2026-05-11 14:38:09 - INFO - [TimestampCorrector] 刷新 time_correction=-0.0001s
2026-05-11 14:38:09 - INFO - [TimestampCorrector] 刷新 time_correction=-0.0001s
2026-05-11 14:38:12 - WARNING - [HistoryReader] 未找到 attention_seg*.csv in /Users/admin/Downloads/BCIXmuse/BCI_Project/Attention/attention_output/20260511_143309
2026-05-11 14:38:12 - INFO - 127.0.0.1 [11/May/2026:14:38:12 +0800] "GET /history/data?type=attention&session=20260511_143309&start=1778481265&end=1778484877 HTTP/1.1" 200 191 "http://localhost:8765/history.html" "Mozilla/5.0 (Macintosh; Intel Mac OS X 10_15_7) AppleWebKit/537.36 (KHTML, like Gecko) Chrome/146.0.0.0 Safari/537.36"
2026-05-11 14:38:22 - INFO - 127.0.0.1 [11/May/2026:14:38:21 +0800] "GET /history/data?type=processed&session=20260511_143309&start=1778481265&end=1778484877 HTTP/1.1" 200 191 "http://localhost:8765/history.html" "Mozilla/5.0 (Macintosh; Intel Mac OS X 10_15_7) AppleWebKit/537.36 (KHTML, like Gecko) Chrome/146.0.0.0 Safari/537.36"
2026-05-11 14:38:23 - INFO - 127.0.0.1 [11/May/2026:14:38:23 +0800] "GET /history/data?type=processed&session=20260511_143309&start=1778481265&end=1778484877 HTTP/1.1" 200 191 "http://localhost:8765/history.html" "Mozilla/5.0 (Macintosh; Intel Mac OS X 10_15_7) AppleWebKit/537.36 (KHTML, like Gecko) Chrome/146.0.0.0 Safari/537.36"
2026-05-11 14:38:35 - INFO - 127.0.0.1 [11/May/2026:14:38:35 +0800] "GET /history/data?type=processed&session=20260511_143309&start=1778222065&end=1778484877 HTTP/1.1" 200 191 "http://localhost:8765/history.html" "Mozilla/5.0 (Macintosh; Intel Mac OS X 10_15_7) AppleWebKit/537.36 (KHTML, like Gecko) Chrome/146.0.0.0 Safari/537.36"
2026-05-11 14:39:10 - INFO - [TimestampCorrector] 刷新 time_correction=-0.0000s
2026-05-11 14:39:10 - INFO - [TimestampCorrector] 刷新 time_correction=-0.0000s
2026-05-11 14:39:17 - INFO - [DataSaver/EEG] segment 0005 → EEG_seg0005.csv  (15360 样本，累计 76800)
2026-05-11 14:39:17 - INFO - [DataSaver/EEG_processed] segment 0005 → EEG_processed_seg0005.csv  (15360 样本，累计 76800)
2026-05-11 14:40:10 - INFO - [TimestampCorrector] 刷新 time_correction=-0.0000s
2026-05-11 14:40:10 - INFO - [TimestampCorrector] 刷新 time_correction=-0.0000s
2026-05-11 14:40:31 - INFO - [DataSaver/EEG] segment 0006 → EEG_seg0006.csv  (15360 样本，累计 92160)
2026-05-11 14:40:31 - INFO - [DataSaver/EEG_processed] segment 0006 → EEG_processed_seg0006.csv  (15360 样本，累计 92160)
2026-05-11 14:41:10 - INFO - [TimestampCorrector] 刷新 time_correction=-0.0001s
2026-05-11 14:41:10 - INFO - [TimestampCorrector] 刷新 time_correction=-0.0001s
2026-05-11 14:41:44 - INFO - [DataSaver/EEG] segment 0007 → EEG_seg0007.csv  (15360 样本，累计 107520)
2026-05-11 14:41:44 - INFO - [DataSaver/EEG_processed] segment 0007 → EEG_processed_seg0007.csv  (15360 样本，累计 107520)
2026-05-11 14:42:10 - INFO - [TimestampCorrector] 刷新 time_correction=-0.0000s
2026-05-11 14:42:10 - INFO - [TimestampCorrector] 刷新 time_correction=-0.0000s
2026-05-11 14:42:57 - INFO - [DataSaver/EEG] segment 0008 → EEG_seg0008.csv  (15360 样本，累计 122880)
2026-05-11 14:42:58 - INFO - [DataSaver/EEG_processed] segment 0008 → EEG_processed_seg0008.csv  (15360 样本，累计 122880)
2026-05-11 14:43:10 - INFO - [TimestampCorrector] 刷新 time_correction=-0.0000s
2026-05-11 14:43:10 - INFO - [TimestampCorrector] 刷新 time_correction=-0.0000s
2026-05-11 14:44:10 - INFO - [TimestampCorrector] 刷新 time_correction=-0.0001s
2026-05-11 14:44:10 - INFO - [TimestampCorrector] 刷新 time_correction=-0.0001s
2026-05-11 14:44:11 - INFO - [DataSaver/EEG] segment 0009 → EEG_seg0009.csv  (15360 样本，累计 138240)
2026-05-11 14:44:11 - INFO - [DataSaver/EEG_processed] segment 0009 → EEG_processed_seg0009.csv  (15360 样本，累计 138240)
2026-05-11 14:45:10 - INFO - [TimestampCorrector] 刷新 time_correction=-0.0001s
2026-05-11 14:45:10 - INFO - [TimestampCorrector] 刷新 time_correction=-0.0001s
2026-05-11 14:45:24 - INFO - [DataSaver/EEG] segment 0010 → EEG_seg0010.csv  (15360 样本，累计 153600)
2026-05-11 14:45:24 - INFO - [DataSaver/EEG_processed] segment 0010 → EEG_processed_seg0010.csv  (15360 样本，累计 153600)
2026-05-11 14:45:24 - INFO - [DataSaver/features] segment 0001 → features_seg0001.csv  (600 样本，累计 600)
2026-05-11 14:46:10 - INFO - [TimestampCorrector] 刷新 time_correction=-0.0000s
2026-05-11 14:46:10 - INFO - [TimestampCorrector] 刷新 time_correction=-0.0000s
2026-05-11 14:46:38 - INFO - [DataSaver/EEG] segment 0011 → EEG_seg0011.csv  (15360 样本，累计 168960)
2026-05-11 14:46:38 - INFO - [DataSaver/EEG_processed] segment 0011 → EEG_processed_seg0011.csv  (15360 样本，累计 168960)
2026-05-11 14:47:10 - INFO - [TimestampCorrector] 刷新 time_correction=-0.0000s
2026-05-11 14:47:10 - INFO - [TimestampCorrector] 刷新 time_correction=-0.0000s
2026-05-11 14:47:51 - INFO - [DataSaver/EEG] segment 0012 → EEG_seg0012.csv  (15360 样本，累计 184320)
2026-05-11 14:47:51 - INFO - [DataSaver/EEG_processed] segment 0012 → EEG_processed_seg0012.csv  (15360 样本，累计 184320)
2026-05-11 14:48:10 - INFO - [TimestampCorrector] 刷新 time_correction=-0.0000s
2026-05-11 14:48:10 - INFO - [TimestampCorrector] 刷新 time_correction=-0.0000s
2026-05-11 14:49:04 - INFO - [DataSaver/EEG] segment 0013 → EEG_seg0013.csv  (15360 样本，累计 199680)
2026-05-11 14:49:04 - INFO - [DataSaver/EEG_processed] segment 0013 → EEG_processed_seg0013.csv  (15360 样本，累计 199680)
2026-05-11 14:49:10 - INFO - [TimestampCorrector] 刷新 time_correction=-0.0000s
2026-05-11 14:49:10 - INFO - [TimestampCorrector] 刷新 time_correction=-0.0000s
2026-05-11 14:50:10 - INFO - [TimestampCorrector] 刷新 time_correction=-0.0000s
2026-05-11 14:50:10 - INFO - [TimestampCorrector] 刷新 time_correction=-0.0000s
2026-05-11 14:50:18 - INFO - [DataSaver/EEG] segment 0014 → EEG_seg0014.csv  (15360 样本，累计 215040)
2026-05-11 14:50:18 - INFO - [DataSaver/EEG_processed] segment 0014 → EEG_processed_seg0014.csv  (15360 样本，累计 215040)
2026-05-11 14:51:10 - INFO - [TimestampCorrector] 刷新 time_correction=-0.0000s
2026-05-11 14:51:10 - INFO - [TimestampCorrector] 刷新 time_correction=-0.0000s
2026-05-11 14:51:32 - INFO - [DataSaver/EEG] segment 0015 → EEG_seg0015.csv  (15360 样本，累计 230400)
2026-05-11 14:51:32 - INFO - [DataSaver/EEG_processed] segment 0015 → EEG_processed_seg0015.csv  (15360 样本，累计 230400)
2026-05-11 14:52:10 - INFO - [TimestampCorrector] 刷新 time_correction=-0.0000s
2026-05-11 14:52:10 - INFO - [TimestampCorrector] 刷新 time_correction=-0.0000s
2026-05-11 14:52:46 - INFO - [DataSaver/EEG] segment 0016 → EEG_seg0016.csv  (15360 样本，累计 245760)
2026-05-11 14:52:46 - INFO - [DataSaver/EEG_processed] segment 0016 → EEG_processed_seg0016.csv  (15360 样本，累计 245760)
2026-05-11 14:53:10 - INFO - [TimestampCorrector] 刷新 time_correction=-0.0000s
2026-05-11 14:53:10 - INFO - [TimestampCorrector] 刷新 time_correction=-0.0000s
2026-05-11 14:53:59 - INFO - [DataSaver/EEG] segment 0017 → EEG_seg0017.csv  (15360 样本，累计 261120)
2026-05-11 14:53:59 - INFO - [DataSaver/EEG_processed] segment 0017 → EEG_processed_seg0017.csv  (15360 样本，累计 261120)
2026-05-11 14:54:10 - INFO - [TimestampCorrector] 刷新 time_correction=-0.0000s
2026-05-11 14:54:10 - INFO - [TimestampCorrector] 刷新 time_correction=-0.0000s
2026-05-11 14:55:10 - INFO - [TimestampCorrector] 刷新 time_correction=-0.0000s
2026-05-11 14:55:10 - INFO - [TimestampCorrector] 刷新 time_correction=-0.0000s
2026-05-11 14:55:12 - INFO - [DataSaver/EEG] segment 0018 → EEG_seg0018.csv  (15360 样本，累计 276480)
2026-05-11 14:55:12 - INFO - [DataSaver/EEG_processed] segment 0018 → EEG_processed_seg0018.csv  (15360 样本，累计 276480)
2026-05-11 14:56:10 - INFO - [TimestampCorrector] 刷新 time_correction=-0.0000s
2026-05-11 14:56:10 - INFO - [TimestampCorrector] 刷新 time_correction=-0.0000s
2026-05-11 14:56:26 - INFO - [DataSaver/EEG] segment 0019 → EEG_seg0019.csv  (15360 样本，累计 291840)
2026-05-11 14:56:26 - INFO - [DataSaver/EEG_processed] segment 0019 → EEG_processed_seg0019.csv  (15360 样本，累计 291840)
2026-05-11 14:57:10 - INFO - [TimestampCorrector] 刷新 time_correction=-0.0000s
2026-05-11 14:57:10 - INFO - [TimestampCorrector] 刷新 time_correction=-0.0000s
2026-05-11 14:57:40 - INFO - [DataSaver/EEG] segment 0020 → EEG_seg0020.csv  (15360 样本，累计 307200)
2026-05-11 14:57:40 - INFO - [DataSaver/EEG_processed] segment 0020 → EEG_processed_seg0020.csv  (15360 样本，累计 307200)
2026-05-11 14:57:40 - INFO - [DataSaver/features] segment 0002 → features_seg0002.csv  (600 样本，累计 1200)
2026-05-11 14:58:10 - INFO - [TimestampCorrector] 刷新 time_correction=-0.0000s
2026-05-11 14:58:10 - INFO - [TimestampCorrector] 刷新 time_correction=-0.0000s
2026-05-11 14:58:53 - INFO - [DataSaver/EEG] segment 0021 → EEG_seg0021.csv  (15360 样本，累计 322560)
2026-05-11 14:58:53 - INFO - [DataSaver/EEG_processed] segment 0021 → EEG_processed_seg0021.csv  (15360 样本，累计 322560)
2026-05-11 14:58:58 - INFO - 127.0.0.1 [11/May/2026:14:58:58 +0800] "GET /history/data?type=processed&session=20260511_143309&start=1778222065&end=1778484877 HTTP/1.1" 200 191 "http://localhost:8765/history.html" "Mozilla/5.0 (Macintosh; Intel Mac OS X 10_15_7) AppleWebKit/537.36 (KHTML, like Gecko) Chrome/146.0.0.0 Safari/537.36"
2026-05-11 14:59:10 - INFO - [TimestampCorrector] 刷新 time_correction=-0.0000s
2026-05-11 14:59:10 - INFO - [TimestampCorrector] 刷新 time_correction=-0.0000s
2026-05-11 15:00:07 - INFO - [DataSaver/EEG] segment 0022 → EEG_seg0022.csv  (15360 样本，累计 337920)
2026-05-11 15:00:07 - INFO - [DataSaver/EEG_processed] segment 0022 → EEG_processed_seg0022.csv  (15360 样本，累计 337920)
2026-05-11 15:00:10 - INFO - [TimestampCorrector] 刷新 time_correction=-0.0001s
2026-05-11 15:00:10 - INFO - [TimestampCorrector] 刷新 time_correction=-0.0001s
2026-05-11 15:01:11 - INFO - [TimestampCorrector] 刷新 time_correction=-0.0000s
2026-05-11 15:01:11 - INFO - [TimestampCorrector] 刷新 time_correction=-0.0000s
2026-05-11 15:01:20 - INFO - [DataSaver/EEG] segment 0023 → EEG_seg0023.csv  (15360 样本，累计 353280)
2026-05-11 15:01:21 - INFO - [DataSaver/EEG_processed] segment 0023 → EEG_processed_seg0023.csv  (15360 样本，累计 353280)
2026-05-11 15:02:11 - INFO - [TimestampCorrector] 刷新 time_correction=-0.0001s
2026-05-11 15:02:11 - INFO - [TimestampCorrector] 刷新 time_correction=-0.0001s
2026-05-11 15:02:34 - INFO - [DataSaver/EEG] segment 0024 → EEG_seg0024.csv  (15360 样本，累计 368640)
2026-05-11 15:02:34 - INFO - [DataSaver/EEG_processed] segment 0024 → EEG_processed_seg0024.csv  (15360 样本，累计 368640)
2026-05-11 15:03:11 - INFO - [TimestampCorrector] 刷新 time_correction=-0.0000s
2026-05-11 15:03:11 - INFO - [TimestampCorrector] 刷新 time_correction=-0.0000s
2026-05-11 15:03:47 - INFO - [DataSaver/EEG] segment 0025 → EEG_seg0025.csv  (15360 样本，累计 384000)
2026-05-11 15:03:47 - INFO - [DataSaver/EEG_processed] segment 0025 → EEG_processed_seg0025.csv  (15360 样本，累计 384000)
2026-05-11 15:04:11 - INFO - [TimestampCorrector] 刷新 time_correction=-0.0000s
2026-05-11 15:04:11 - INFO - [TimestampCorrector] 刷新 time_correction=-0.0000s
2026-05-11 15:05:01 - INFO - [DataSaver/EEG] segment 0026 → EEG_seg0026.csv  (15360 样本，累计 399360)
2026-05-11 15:05:01 - INFO - [DataSaver/EEG_processed] segment 0026 → EEG_processed_seg0026.csv  (15360 样本，累计 399360)
2026-05-11 15:23:05 - ERROR - 发生意外错误: module 'pylsl' has no attribute 'timeout_error'
Traceback (most recent call last):
  File "/Users/admin/Downloads/BCIXmuse/BCI_Project/Xmuse-Connect/LSL/LSL-singal_device.py", line 274, in main
    samples, lsl_timestamps = inlet_obj.pull_chunk(timeout=PULL_CHUNK_TIMEOUT, max_samples=max_samples_to_pull)
  File "/Library/Frameworks/Python.framework/Versions/3.9/lib/python3.9/site-packages/pylsl/inlet.py", line 253, in pull_chunk
    num_elements = self.do_pull_chunk(
KeyboardInterrupt

During handling of the above exception, another exception occurred:

Traceback (most recent call last):
  File "/Users/admin/Downloads/BCIXmuse/BCI_Project/Xmuse-Connect/LSL/LSL-singal_device.py", line 297, in main
    except pylsl.timeout_error:
AttributeError: module 'pylsl' has no attribute 'timeout_error'
2026-05-11 15:23:06 - INFO - 
--- 数据采集完成，正在保存剩余数据 ---
2026-05-11 15:23:06 - INFO -   EEG 总共采集 399988 个样本
2026-05-11 15:23:06 - INFO - [DataSaver/EEG] segment 0027 → EEG_seg0027.csv  (628 样本，累计 399988)
2026-05-11 15:23:06 - INFO - [DataSaver/EEG] 保存完毕，共 27 个 segment，399988 个样本
2026-05-11 15:23:06 - INFO -   EEG 原始数据已保存到: /Users/admin/Downloads/BCIXmuse/BCI_Project/Xmuse-Connect/LSL/signal_data/20260511_143308
2026-05-11 15:23:06 - INFO - [DataSaver/EEG_processed] segment 0027 → EEG_processed_seg0027.csv  (628 样本，累计 399988)
2026-05-11 15:23:06 - INFO - [DataSaver/EEG_processed] 保存完毕，共 27 个 segment，399988 个样本
2026-05-11 15:23:06 - INFO -   EEG 处理数据已保存到: /Users/admin/Downloads/BCIXmuse/BCI_Project/Preprocess/signal_data
2026-05-11 15:23:06 - INFO - [DataSaver/features] segment 0003 → features_seg0003.csv  (360 样本，累计 1560)
2026-05-11 15:23:06 - INFO - [DataSaver/features] 保存完毕，共 3 个 segment，1560 个样本
2026-05-11 15:23:06 - INFO - RealTimeFeatureExtractor 已关闭: /Users/admin/Downloads/BCIXmuse/BCI_Project/FeatureExtract/features_output/20260511_143309
2026-05-11 15:23:06 - INFO -   EEG 特征数据已保存到: /Users/admin/Downloads/BCIXmuse/BCI_Project/FeatureExtract/features_output
2026-05-11 15:23:06 - INFO - RealTimeVisualizer 已关闭
2026-05-11 15:23:06 - INFO - 所有数据保存完成。总采集时间: 2996.40 秒
2026-05-11 15:23:06 - INFO - 程序正常退出。
