2026-05-09 11:38:53 - INFO - 程序启动，数据将保存到: /Users/admin/Downloads/BCIXmuse/BCI_Project/Xmuse-Connect/LSL/signal_data/20260509_113853
2026-05-09 11:38:53 - INFO - 日志文件将保存到: /Users/admin/Downloads/BCIXmuse/BCI_Project/Xmuse-Connect/LSL/signal_data/20260509_113853/logs/collection_log_20260509_113853.log
2026-05-09 11:38:53 - INFO - 
--- 开始查找和初始化 LSL 数据流 ---
2026-05-09 11:38:53 - INFO - 尝试查找 EEG 数据流...
2026-05-09 11:38:53 - INFO - 已找到 EEG 数据流。
2026-05-09 11:38:53 - INFO -   使用自定义通道名称: ['ch_1', 'ch_2', 'ch_3', 'ch_4']
2026-05-09 11:38:53 - INFO -   EEG 流信息：通道数=4, 采样率=256.0 Hz
2026-05-09 11:38:54 - INFO - [TimestampCorrector] 初始化完成 correction=-0.0000s  dejitter=True  refresh_interval=60.0s
2026-05-09 11:38:54 - INFO -   EEG 数据将按每 60 秒一个 segment（默认）保存到: signal_data/20260509_113853
2026-05-09 11:38:54 - INFO - 可视化面板已启动: http://localhost:8765
2026-05-09 11:38:54 - INFO - 可视化面板: http://localhost:8765
2026-05-09 11:38:54 - INFO - [TimestampCorrector] 初始化完成 correction=-0.0000s  dejitter=True  refresh_interval=60.0s
2026-05-09 11:38:54 - INFO - RealTimeEEGProcessor 初始化: 输出→/Users/admin/Downloads/BCIXmuse/BCI_Project/Preprocess/signal_data/20260509_113854, 窗口=10.0s (2560 样本)
2026-05-09 11:38:54 - INFO - RealTimeFeatureExtractor 初始化: 输出→/Users/admin/Downloads/BCIXmuse/BCI_Project/FeatureExtract/features_output/20260509_113854
2026-05-09 11:38:54 - INFO - RealTimeAttentionDetector 初始化: smooth_window=5
2026-05-09 11:38:54 - INFO -   EEG 实时处理器已启动，窗口=10.0s → /Users/admin/Downloads/BCIXmuse/BCI_Project/Preprocess/signal_data
2026-05-09 11:38:54 - INFO -   EEG 实时特征提取器已启动，epoch=1.0s → /Users/admin/Downloads/BCIXmuse/BCI_Project/FeatureExtract/features_output
2026-05-09 11:38:54 - INFO -   EEG 注意力检测器已启动，平滑窗口=5 epoch
2026-05-09 11:38:54 - INFO - 
--- 开始记录数据 ---
2026-05-09 11:38:54 - INFO - 按 Ctrl+C 停止记录
2026-05-09 11:39:06 - INFO - DataSaver 初始化: 88 个特征列
2026-05-09 11:39:20 - INFO - 127.0.0.1 [09/May/2026:11:39:20 +0800] "GET / HTTP/1.1" 200 238 "-" "Mozilla/5.0 (Macintosh; Intel Mac OS X 10_15_7) AppleWebKit/537.36 (KHTML, like Gecko) Chrome/146.0.0.0 Safari/537.36"
2026-05-09 11:39:20 - INFO - 127.0.0.1 [09/May/2026:11:38:57 +0800] "GET /ws HTTP/1.1" 101 0 "-" "Mozilla/5.0 (Macintosh; Intel Mac OS X 10_15_7) AppleWebKit/537.36 (KHTML, like Gecko) Chrome/146.0.0.0 Safari/537.36"
2026-05-09 11:39:20 - INFO - 127.0.0.1 [09/May/2026:11:38:57 +0800] "GET /ws HTTP/1.1" 101 0 "-" "Mozilla/5.0 (Macintosh; Intel Mac OS X 10_15_7) AppleWebKit/537.36 (KHTML, like Gecko) Chrome/146.0.0.0 Safari/537.36"
2026-05-09 11:39:20 - INFO - 127.0.0.1 [09/May/2026:11:39:20 +0800] "GET /bands.html?embedded=1 HTTP/1.1" 200 238 "http://localhost:8765/" "Mozilla/5.0 (Macintosh; Intel Mac OS X 10_15_7) AppleWebKit/537.36 (KHTML, like Gecko) Chrome/146.0.0.0 Safari/537.36"
2026-05-09 11:39:20 - INFO - 127.0.0.1 [09/May/2026:11:39:20 +0800] "GET /favicon.ico HTTP/1.1" 204 99 "http://localhost:8765/" "Mozilla/5.0 (Macintosh; Intel Mac OS X 10_15_7) AppleWebKit/537.36 (KHTML, like Gecko) Chrome/146.0.0.0 Safari/537.36"
2026-05-09 11:39:54 - INFO - [TimestampCorrector] 刷新 time_correction=-0.0000s
2026-05-09 11:39:54 - INFO - [TimestampCorrector] 刷新 time_correction=-0.0000s
2026-05-09 11:40:07 - INFO - [DataSaver/EEG] segment 0001 → EEG_seg0001.csv  (15360 样本，累计 15360)
2026-05-09 11:40:07 - INFO - [DataSaver/EEG_processed] segment 0001 → EEG_processed_seg0001.csv  (15360 样本，累计 15360)
2026-05-09 11:40:54 - INFO - [TimestampCorrector] 刷新 time_correction=-0.0001s
2026-05-09 11:40:54 - INFO - [TimestampCorrector] 刷新 time_correction=-0.0001s
2026-05-09 11:41:21 - INFO - [DataSaver/EEG] segment 0002 → EEG_seg0002.csv  (15360 样本，累计 30720)
2026-05-09 11:41:21 - INFO - [DataSaver/EEG_processed] segment 0002 → EEG_processed_seg0002.csv  (15360 样本，累计 30720)
2026-05-09 11:41:54 - INFO - [TimestampCorrector] 刷新 time_correction=-0.0000s
2026-05-09 11:41:54 - INFO - [TimestampCorrector] 刷新 time_correction=-0.0000s
2026-05-09 11:42:34 - INFO - [DataSaver/EEG] segment 0003 → EEG_seg0003.csv  (15360 样本，累计 46080)
2026-05-09 11:42:34 - INFO - [DataSaver/EEG_processed] segment 0003 → EEG_processed_seg0003.csv  (15360 样本，累计 46080)
2026-05-09 11:42:54 - INFO - [TimestampCorrector] 刷新 time_correction=-0.0000s
2026-05-09 11:42:54 - INFO - [TimestampCorrector] 刷新 time_correction=-0.0000s
2026-05-09 11:43:48 - INFO - [DataSaver/EEG] segment 0004 → EEG_seg0004.csv  (15360 样本，累计 61440)
2026-05-09 11:43:48 - INFO - [DataSaver/EEG_processed] segment 0004 → EEG_processed_seg0004.csv  (15360 样本，累计 61440)
2026-05-09 11:43:54 - INFO - [TimestampCorrector] 刷新 time_correction=-0.0000s
2026-05-09 11:43:54 - INFO - [TimestampCorrector] 刷新 time_correction=-0.0000s
2026-05-09 11:44:54 - INFO - [TimestampCorrector] 刷新 time_correction=-0.0000s
2026-05-09 11:44:54 - INFO - [TimestampCorrector] 刷新 time_correction=-0.0000s
2026-05-09 11:45:01 - INFO - [DataSaver/EEG] segment 0005 → EEG_seg0005.csv  (15360 样本，累计 76800)
2026-05-09 11:45:01 - INFO - [DataSaver/EEG_processed] segment 0005 → EEG_processed_seg0005.csv  (15360 样本，累计 76800)
2026-05-09 11:45:54 - INFO - [TimestampCorrector] 刷新 time_correction=-0.0000s
2026-05-09 11:45:54 - INFO - [TimestampCorrector] 刷新 time_correction=-0.0000s
2026-05-09 11:46:15 - INFO - [DataSaver/EEG] segment 0006 → EEG_seg0006.csv  (15360 样本，累计 92160)
2026-05-09 11:46:15 - INFO - [DataSaver/EEG_processed] segment 0006 → EEG_processed_seg0006.csv  (15360 样本，累计 92160)
2026-05-09 11:46:54 - INFO - [TimestampCorrector] 刷新 time_correction=-0.0000s
2026-05-09 11:46:54 - INFO - [TimestampCorrector] 刷新 time_correction=-0.0000s
2026-05-09 11:47:27 - INFO - [DataSaver/EEG] segment 0007 → EEG_seg0007.csv  (15360 样本，累计 107520)
2026-05-09 11:47:27 - INFO - [DataSaver/EEG_processed] segment 0007 → EEG_processed_seg0007.csv  (15360 样本，累计 107520)
2026-05-09 11:47:54 - INFO - [TimestampCorrector] 刷新 time_correction=-0.0000s
2026-05-09 11:47:54 - INFO - [TimestampCorrector] 刷新 time_correction=-0.0000s
2026-05-09 11:48:41 - INFO - [DataSaver/EEG] segment 0008 → EEG_seg0008.csv  (15360 样本，累计 122880)
2026-05-09 11:48:41 - INFO - [DataSaver/EEG_processed] segment 0008 → EEG_processed_seg0008.csv  (15360 样本，累计 122880)
2026-05-09 11:48:54 - INFO - [TimestampCorrector] 刷新 time_correction=-0.0000s
2026-05-09 11:48:54 - INFO - [TimestampCorrector] 刷新 time_correction=-0.0000s
2026-05-09 11:49:54 - INFO - [TimestampCorrector] 刷新 time_correction=-0.0000s
2026-05-09 11:49:54 - INFO - [TimestampCorrector] 刷新 time_correction=-0.0000s
2026-05-09 11:49:55 - INFO - [DataSaver/EEG] segment 0009 → EEG_seg0009.csv  (15360 样本，累计 138240)
2026-05-09 11:49:55 - INFO - [DataSaver/EEG_processed] segment 0009 → EEG_processed_seg0009.csv  (15360 样本，累计 138240)
2026-05-09 11:50:54 - INFO - [TimestampCorrector] 刷新 time_correction=-0.0000s
2026-05-09 11:50:54 - INFO - [TimestampCorrector] 刷新 time_correction=-0.0000s
2026-05-09 11:51:09 - INFO - [DataSaver/EEG] segment 0010 → EEG_seg0010.csv  (15360 样本，累计 153600)
2026-05-09 11:51:09 - INFO - [DataSaver/EEG_processed] segment 0010 → EEG_processed_seg0010.csv  (15360 样本，累计 153600)
2026-05-09 11:51:09 - INFO - [DataSaver/features] segment 0001 → features_seg0001.csv  (600 样本，累计 600)
2026-05-09 11:52:46 - ERROR - 发生意外错误: module 'pylsl' has no attribute 'timeout_error'
Traceback (most recent call last):
  File "/Users/admin/Downloads/BCIXmuse/BCI_Project/Xmuse-Connect/LSL/LSL-singal_device.py", line 252, in main
    samples, lsl_timestamps = inlet_obj.pull_chunk(timeout=PULL_CHUNK_TIMEOUT, max_samples=max_samples_to_pull)
  File "/Library/Frameworks/Python.framework/Versions/3.9/lib/python3.9/site-packages/pylsl/inlet.py", line 253, in pull_chunk
    num_elements = self.do_pull_chunk(
KeyboardInterrupt

During handling of the above exception, another exception occurred:

Traceback (most recent call last):
  File "/Users/admin/Downloads/BCIXmuse/BCI_Project/Xmuse-Connect/LSL/LSL-singal_device.py", line 275, in main
    except pylsl.timeout_error:
AttributeError: module 'pylsl' has no attribute 'timeout_error'
2026-05-09 11:52:46 - INFO - 
--- 数据采集完成，正在保存剩余数据 ---
2026-05-09 11:52:46 - INFO -   EEG 总共采集 160568 个样本
2026-05-09 11:52:47 - INFO - [DataSaver/EEG] segment 0011 → EEG_seg0011.csv  (6968 样本，累计 160568)
2026-05-09 11:52:47 - INFO - [DataSaver/EEG] 保存完毕，共 11 个 segment，160568 个样本
2026-05-09 11:52:47 - INFO -   EEG 原始数据已保存到: /Users/admin/Downloads/BCIXmuse/BCI_Project/Xmuse-Connect/LSL/signal_data/20260509_113853
2026-05-09 11:52:47 - INFO - [DataSaver/EEG_processed] segment 0011 → EEG_processed_seg0011.csv  (6968 样本，累计 160568)
2026-05-09 11:52:47 - INFO - [DataSaver/EEG_processed] 保存完毕，共 11 个 segment，160568 个样本
2026-05-09 11:52:47 - INFO -   EEG 处理数据已保存到: /Users/admin/Downloads/BCIXmuse/BCI_Project/Preprocess/signal_data
2026-05-09 11:52:47 - INFO - [DataSaver/features] segment 0002 → features_seg0002.csv  (20 样本，累计 620)
2026-05-09 11:52:47 - INFO - [DataSaver/features] 保存完毕，共 2 个 segment，620 个样本
2026-05-09 11:52:47 - INFO - RealTimeFeatureExtractor 已关闭: /Users/admin/Downloads/BCIXmuse/BCI_Project/FeatureExtract/features_output/20260509_113854
2026-05-09 11:52:47 - INFO -   EEG 特征数据已保存到: /Users/admin/Downloads/BCIXmuse/BCI_Project/FeatureExtract/features_output
2026-05-09 11:52:47 - INFO - RealTimeVisualizer 已关闭
2026-05-09 11:52:47 - INFO - 所有数据保存完成。总采集时间: 832.70 秒
2026-05-09 11:52:47 - INFO - 程序正常退出。
