2026-05-11 16:14:29 - INFO - 程序启动，数据将保存到: /Users/admin/Downloads/BCIXmuse/BCI_Project/Xmuse-Connect/LSL/signal_data/20260511_161429
2026-05-11 16:14:29 - INFO - 日志文件将保存到: /Users/admin/Downloads/BCIXmuse/BCI_Project/Xmuse-Connect/LSL/signal_data/20260511_161429/logs/collection_log_20260511_161429.log
2026-05-11 16:14:29 - INFO - 
--- 开始查找和初始化 LSL 数据流 ---
2026-05-11 16:14:29 - INFO - 尝试查找 EEG 数据流...
2026-05-11 16:14:29 - INFO - 已找到 EEG 数据流。
2026-05-11 16:14:29 - INFO -   使用自定义通道名称: ['ch_1', 'ch_2', 'ch_3', 'ch_4']
2026-05-11 16:14:29 - INFO -   EEG 流信息：通道数=4, 采样率=256.0 Hz
2026-05-11 16:14:30 - INFO - [TimestampCorrector] 初始化完成 correction=-0.0000s  dejitter=True  refresh_interval=60.0s
2026-05-11 16:14:30 - INFO -   EEG 数据将按每 60 秒一个 segment（默认）保存到: signal_data/20260511_161429
2026-05-11 16:14:30 - INFO - 可视化面板已启动: http://localhost:8765
2026-05-11 16:14:30 - INFO - 可视化面板: http://localhost:8765
2026-05-11 16:14:30 - INFO - 历史数据:   http://localhost:8765/history.html
2026-05-11 16:14:30 - INFO - [HistoryAPI] 路由已注册: /history/sessions  /history/data
2026-05-11 16:14:30 - INFO - [TimestampCorrector] 初始化完成 correction=-0.0000s  dejitter=True  refresh_interval=60.0s
2026-05-11 16:14:30 - INFO - RealTimeEEGProcessor 初始化: 输出→/Users/admin/Downloads/BCIXmuse/BCI_Project/Preprocess/signal_data/20260511_161430, 窗口=10.0s (2560 样本)
2026-05-11 16:14:30 - INFO - RealTimeFeatureExtractor 初始化: 输出→/Users/admin/Downloads/BCIXmuse/BCI_Project/FeatureExtract/features_output/20260511_161430
2026-05-11 16:14:30 - INFO - RealTimeAttentionDetector 初始化: smooth_window=5  输出→/Users/admin/Downloads/BCIXmuse/BCI_Project/Attention/attention_output/20260511_161430
2026-05-11 16:14:30 - INFO -   EEG 实时处理器已启动，窗口=10.0s → /Users/admin/Downloads/BCIXmuse/BCI_Project/Preprocess/signal_data
2026-05-11 16:14:30 - INFO -   EEG 实时特征提取器已启动，epoch=1.0s → /Users/admin/Downloads/BCIXmuse/BCI_Project/FeatureExtract/features_output
2026-05-11 16:14:30 - INFO -   EEG 注意力检测器已启动，平滑窗口=5 epoch
2026-05-11 16:14:30 - INFO - 
--- 开始记录数据 ---
2026-05-11 16:14:30 - INFO - 按 Ctrl+C 停止记录
2026-05-11 16:15:00 - INFO - 127.0.0.1 [11/May/2026:16:15:00 +0800] "GET / HTTP/1.1" 200 238 "-" "Mozilla/5.0 (Macintosh; Intel Mac OS X 10_15_7) AppleWebKit/537.36 (KHTML, like Gecko) Chrome/146.0.0.0 Safari/537.36"
2026-05-11 16:15:00 - INFO - 127.0.0.1 [11/May/2026:16:14:34 +0800] "GET /ws HTTP/1.1" 101 0 "-" "Mozilla/5.0 (Macintosh; Intel Mac OS X 10_15_7) AppleWebKit/537.36 (KHTML, like Gecko) Chrome/146.0.0.0 Safari/537.36"
2026-05-11 16:15:00 - INFO - 127.0.0.1 [11/May/2026:16:14:31 +0800] "GET /ws HTTP/1.1" 101 0 "-" "Mozilla/5.0 (Macintosh; Intel Mac OS X 10_15_7) AppleWebKit/537.36 (KHTML, like Gecko) Chrome/146.0.0.0 Safari/537.36"
2026-05-11 16:16:27 - INFO - 127.0.0.1 [11/May/2026:16:16:27 +0800] "GET /index.html HTTP/1.1" 200 238 "-" "Mozilla/5.0 (Macintosh; Intel Mac OS X 10_15_7) AppleWebKit/537.36 (KHTML, like Gecko) Chrome/146.0.0.0 Safari/537.36"
2026-05-11 16:16:40 - INFO - 127.0.0.1 [11/May/2026:16:16:40 +0800] "GET /favicon.ico HTTP/1.1" 204 99 "http://localhost:8765/index.html" "Mozilla/5.0 (Macintosh; Intel Mac OS X 10_15_7) AppleWebKit/537.36 (KHTML, like Gecko) Chrome/146.0.0.0 Safari/537.36"
2026-05-11 16:19:48 - INFO - [TimestampCorrector] 刷新 time_correction=-0.0000s
2026-05-11 16:19:48 - INFO - [TimestampCorrector] 刷新 time_correction=-0.0000s
2026-05-11 16:19:50 - ERROR - 发生意外错误: module 'pylsl' has no attribute 'timeout_error'
Traceback (most recent call last):
  File "/Users/admin/Downloads/BCIXmuse/BCI_Project/Xmuse-Connect/LSL/LSL-singal_device.py", line 274, in main
    samples, lsl_timestamps = inlet_obj.pull_chunk(timeout=PULL_CHUNK_TIMEOUT, max_samples=max_samples_to_pull)
  File "/Library/Frameworks/Python.framework/Versions/3.9/lib/python3.9/site-packages/pylsl/inlet.py", line 253, in pull_chunk
    num_elements = self.do_pull_chunk(
KeyboardInterrupt

During handling of the above exception, another exception occurred:

Traceback (most recent call last):
  File "/Users/admin/Downloads/BCIXmuse/BCI_Project/Xmuse-Connect/LSL/LSL-singal_device.py", line 297, in main
    except pylsl.timeout_error:
AttributeError: module 'pylsl' has no attribute 'timeout_error'
2026-05-11 16:19:50 - INFO - 
--- 数据采集完成，正在保存剩余数据 ---
2026-05-11 16:19:50 - INFO -   EEG 总共采集 824 个样本
2026-05-11 16:19:50 - INFO - [DataSaver/EEG] segment 0001 → EEG_seg0001.csv  (824 样本，累计 824)
2026-05-11 16:19:50 - INFO - [DataSaver/EEG] 保存完毕，共 1 个 segment，824 个样本
2026-05-11 16:19:50 - INFO -   EEG 原始数据已保存到: /Users/admin/Downloads/BCIXmuse/BCI_Project/Xmuse-Connect/LSL/signal_data/20260511_161429
2026-05-11 16:19:50 - INFO - [DataSaver/EEG_processed] segment 0001 → EEG_processed_seg0001.csv  (824 样本，累计 824)
2026-05-11 16:19:50 - INFO - [DataSaver/EEG_processed] 保存完毕，共 1 个 segment，824 个样本
2026-05-11 16:19:50 - INFO -   EEG 处理数据已保存到: /Users/admin/Downloads/BCIXmuse/BCI_Project/Preprocess/signal_data
2026-05-11 16:19:50 - INFO - RealTimeFeatureExtractor 已关闭: /Users/admin/Downloads/BCIXmuse/BCI_Project/FeatureExtract/features_output/20260511_161430
2026-05-11 16:19:50 - INFO -   EEG 特征数据已保存到: /Users/admin/Downloads/BCIXmuse/BCI_Project/FeatureExtract/features_output
2026-05-11 16:19:50 - INFO - RealTimeAttentionDetector 已关闭
2026-05-11 16:19:50 - INFO -   EEG 注意力数据已保存到: /Users/admin/Downloads/BCIXmuse/BCI_Project/Attention/attention_output
2026-05-11 16:19:50 - INFO - RealTimeVisualizer 已关闭
2026-05-11 16:19:50 - INFO - 所有数据保存完成。总采集时间: 320.12 秒
2026-05-11 16:19:50 - INFO - 程序正常退出。
